2022-11-08 11:13:51,556 INFO supervisord started with pid 1115627
2022-11-08 11:13:52,559 INFO spawned: 'fail-too-fast' with pid 1115629
2022-11-08 11:13:52,563 INFO spawned: 'fail-slowly' with pid 1115630
2022-11-08 11:13:52,626 INFO exited: fail-too-fast (exit status 1; not expected)
2022-11-08 11:13:52,626 INFO exited: fail-slowly (exit status 1; not expected)
2022-11-08 11:13:53,629 INFO spawned: 'fail-too-fast' with pid 1115633
2022-11-08 11:13:53,633 INFO spawned: 'fail-slowly' with pid 1115634
2022-11-08 11:13:53,690 INFO exited: fail-too-fast (exit status 1; not expected)
2022-11-08 11:13:53,690 INFO exited: fail-slowly (exit status 1; not expected)
2022-11-08 11:13:55,694 INFO spawned: 'fail-too-fast' with pid 1115638
2022-11-08 11:13:55,698 INFO spawned: 'fail-slowly' with pid 1115639
2022-11-08 11:13:55,756 INFO exited: fail-too-fast (exit status 1; not expected)
2022-11-08 11:13:55,757 INFO exited: fail-slowly (exit status 1; not expected)
2022-11-08 11:13:58,763 INFO spawned: 'fail-too-fast' with pid 1115651
2022-11-08 11:13:58,767 INFO spawned: 'fail-slowly' with pid 1115652
2022-11-08 11:13:58,824 INFO exited: fail-too-fast (exit status 1; not expected)
2022-11-08 11:13:58,825 INFO gave up: fail-too-fast entered FATAL state, too many start retries too quickly
2022-11-08 11:13:58,826 INFO exited: fail-slowly (exit status 1; not expected)
2022-11-08 11:13:59,826 INFO gave up: fail-slowly entered FATAL state, too many start retries too quickly
2022-11-08 11:14:02,830 WARN received SIGINT indicating exit request
2022-11-08 11:14:14,985 INFO supervisord started with pid 1115691
2022-11-08 11:14:15,988 INFO spawned: 'fail-too-fast' with pid 1115693
2022-11-08 11:14:15,991 INFO spawned: 'fail-slowly' with pid 1115694
2022-11-08 11:14:17,032 INFO exited: fail-too-fast (exit status 2; not expected)
2022-11-08 11:14:18,034 INFO spawned: 'fail-too-fast' with pid 1115700
2022-11-08 11:14:18,034 INFO success: fail-slowly entered RUNNING state, process has stayed up for > than 2 seconds (startsecs)
2022-11-08 11:14:19,037 INFO exited: fail-slowly (exit status 2; not expected)
2022-11-08 11:14:19,072 INFO spawned: 'fail-slowly' with pid 1115702
2022-11-08 11:14:19,077 INFO exited: fail-too-fast (exit status 2; not expected)
2022-11-08 11:14:21,080 INFO spawned: 'fail-too-fast' with pid 1115706
2022-11-08 11:14:21,081 INFO success: fail-slowly entered RUNNING state, process has stayed up for > than 2 seconds (startsecs)
2022-11-08 11:14:22,134 INFO exited: fail-slowly (exit status 2; not expected)
2022-11-08 11:14:22,138 INFO spawned: 'fail-slowly' with pid 1115709
2022-11-08 11:14:22,138 INFO exited: fail-too-fast (exit status 2; not expected)
2022-11-08 11:14:24,140 INFO success: fail-slowly entered RUNNING state, process has stayed up for > than 2 seconds (startsecs)
2022-11-08 11:14:25,144 INFO spawned: 'fail-too-fast' with pid 1115714
2022-11-08 11:14:25,185 INFO exited: fail-slowly (exit status 2; not expected)
2022-11-08 11:14:26,190 INFO spawned: 'fail-slowly' with pid 1115718
2022-11-08 11:14:26,219 INFO exited: fail-too-fast (exit status 2; not expected)
2022-11-08 11:14:27,220 INFO gave up: fail-too-fast entered FATAL state, too many start retries too quickly
2022-11-08 11:14:28,221 INFO success: fail-slowly entered RUNNING state, process has stayed up for > than 2 seconds (startsecs)
2022-11-08 11:14:29,262 INFO exited: fail-slowly (exit status 2; not expected)
2022-11-08 11:14:30,266 INFO spawned: 'fail-slowly' with pid 1115743
2022-11-08 11:14:32,269 INFO success: fail-slowly entered RUNNING state, process has stayed up for > than 2 seconds (startsecs)
2022-11-08 11:14:33,332 INFO exited: fail-slowly (exit status 2; not expected)
2022-11-08 11:14:34,335 INFO spawned: 'fail-slowly' with pid 1115759
2022-11-08 11:14:36,338 INFO success: fail-slowly entered RUNNING state, process has stayed up for > than 2 seconds (startsecs)
2022-11-08 11:14:37,405 INFO exited: fail-slowly (exit status 2; not expected)
2022-11-08 11:14:38,409 INFO spawned: 'fail-slowly' with pid 1115779
2022-11-08 11:14:40,412 INFO success: fail-slowly entered RUNNING state, process has stayed up for > than 2 seconds (startsecs)
2022-11-08 11:14:41,463 INFO exited: fail-slowly (exit status 2; not expected)
2022-11-08 11:14:42,467 INFO spawned: 'fail-slowly' with pid 1115787
2022-11-08 11:14:44,470 INFO success: fail-slowly entered RUNNING state, process has stayed up for > than 2 seconds (startsecs)
2022-11-08 11:14:45,541 INFO exited: fail-slowly (exit status 2; not expected)
2022-11-08 11:14:46,545 INFO spawned: 'fail-slowly' with pid 1115791
2022-11-08 11:14:48,549 INFO success: fail-slowly entered RUNNING state, process has stayed up for > than 2 seconds (startsecs)
2022-11-08 11:14:49,610 INFO exited: fail-slowly (exit status 2; not expected)
2022-11-08 11:14:50,612 INFO spawned: 'fail-slowly' with pid 1115971
2022-11-08 11:14:52,614 INFO success: fail-slowly entered RUNNING state, process has stayed up for > than 2 seconds (startsecs)
2022-11-08 11:14:53,657 INFO exited: fail-slowly (exit status 2; not expected)
2022-11-08 11:14:54,661 INFO spawned: 'fail-slowly' with pid 1115978
2022-11-08 11:14:56,664 INFO success: fail-slowly entered RUNNING state, process has stayed up for > than 2 seconds (startsecs)
2022-11-08 11:14:57,722 INFO exited: fail-slowly (exit status 2; not expected)
2022-11-08 11:14:58,725 INFO spawned: 'fail-slowly' with pid 1116001
2022-11-08 11:15:00,728 INFO success: fail-slowly entered RUNNING state, process has stayed up for > than 2 seconds (startsecs)
2022-11-08 11:15:01,793 INFO exited: fail-slowly (exit status 2; not expected)
2022-11-08 11:15:02,796 INFO spawned: 'fail-slowly' with pid 1116051
2022-11-08 11:15:04,799 INFO success: fail-slowly entered RUNNING state, process has stayed up for > than 2 seconds (startsecs)
2022-11-08 11:15:05,863 INFO exited: fail-slowly (exit status 2; not expected)
2022-11-08 11:15:06,866 INFO spawned: 'fail-slowly' with pid 1116076
2022-11-08 11:15:08,869 INFO success: fail-slowly entered RUNNING state, process has stayed up for > than 2 seconds (startsecs)
2022-11-08 11:15:09,940 INFO exited: fail-slowly (exit status 2; not expected)
2022-11-08 11:15:10,943 INFO spawned: 'fail-slowly' with pid 1116089
2022-11-08 11:15:12,946 INFO success: fail-slowly entered RUNNING state, process has stayed up for > than 2 seconds (startsecs)
2022-11-08 11:15:13,988 INFO exited: fail-slowly (exit status 2; not expected)
2022-11-08 11:15:14,993 INFO spawned: 'fail-slowly' with pid 1116103
2022-11-08 11:15:16,996 INFO success: fail-slowly entered RUNNING state, process has stayed up for > than 2 seconds (startsecs)
2022-11-08 11:15:18,049 INFO exited: fail-slowly (exit status 2; not expected)
2022-11-08 11:15:19,053 INFO spawned: 'fail-slowly' with pid 1116108
2022-11-08 11:15:21,055 INFO success: fail-slowly entered RUNNING state, process has stayed up for > than 2 seconds (startsecs)
2022-11-08 11:15:22,115 INFO exited: fail-slowly (exit status 2; not expected)
2022-11-08 11:15:23,122 INFO spawned: 'fail-slowly' with pid 1116123
2022-11-08 11:15:25,125 INFO success: fail-slowly entered RUNNING state, process has stayed up for > than 2 seconds (startsecs)
2022-11-08 11:15:26,180 INFO exited: fail-slowly (exit status 2; not expected)
2022-11-08 11:15:27,184 INFO spawned: 'fail-slowly' with pid 1116145
2022-11-08 11:15:29,187 INFO success: fail-slowly entered RUNNING state, process has stayed up for > than 2 seconds (startsecs)
2022-11-08 11:15:30,249 INFO exited: fail-slowly (exit status 2; not expected)
2022-11-08 11:15:31,253 INFO spawned: 'fail-slowly' with pid 1116163
2022-11-08 11:15:33,256 INFO success: fail-slowly entered RUNNING state, process has stayed up for > than 2 seconds (startsecs)
2022-11-08 11:15:34,326 INFO exited: fail-slowly (exit status 2; not expected)
2022-11-08 11:15:35,329 INFO spawned: 'fail-slowly' with pid 1116178
2022-11-08 11:15:37,332 INFO success: fail-slowly entered RUNNING state, process has stayed up for > than 2 seconds (startsecs)
2022-11-08 11:15:38,392 INFO exited: fail-slowly (exit status 2; not expected)
2022-11-08 11:15:39,396 INFO spawned: 'fail-slowly' with pid 1116190
2022-11-08 11:15:41,398 INFO success: fail-slowly entered RUNNING state, process has stayed up for > than 2 seconds (startsecs)
2022-11-08 11:15:42,443 INFO exited: fail-slowly (exit status 2; not expected)
2022-11-08 11:15:43,446 INFO spawned: 'fail-slowly' with pid 1116200
2022-11-08 11:15:45,449 INFO success: fail-slowly entered RUNNING state, process has stayed up for > than 2 seconds (startsecs)
2022-11-08 11:15:46,512 INFO exited: fail-slowly (exit status 2; not expected)
2022-11-08 11:15:47,515 INFO spawned: 'fail-slowly' with pid 1116204
2022-11-08 11:15:49,518 INFO success: fail-slowly entered RUNNING state, process has stayed up for > than 2 seconds (startsecs)
2022-11-08 11:15:50,568 INFO exited: fail-slowly (exit status 2; not expected)
2022-11-08 11:15:51,570 INFO spawned: 'fail-slowly' with pid 1116211
2022-11-08 11:15:53,573 INFO success: fail-slowly entered RUNNING state, process has stayed up for > than 2 seconds (startsecs)
2022-11-08 11:15:54,626 INFO exited: fail-slowly (exit status 2; not expected)
2022-11-08 11:15:55,632 INFO spawned: 'fail-slowly' with pid 1116225
2022-11-08 11:15:57,635 INFO success: fail-slowly entered RUNNING state, process has stayed up for > than 2 seconds (startsecs)
2022-11-08 11:15:58,704 INFO exited: fail-slowly (exit status 2; not expected)
2022-11-08 11:15:59,707 INFO spawned: 'fail-slowly' with pid 1116233
2022-11-08 11:16:01,709 INFO success: fail-slowly entered RUNNING state, process has stayed up for > than 2 seconds (startsecs)
2022-11-08 11:16:02,771 INFO exited: fail-slowly (exit status 2; not expected)
2022-11-08 11:16:03,775 INFO spawned: 'fail-slowly' with pid 1116254
2022-11-08 11:16:05,777 INFO success: fail-slowly entered RUNNING state, process has stayed up for > than 2 seconds (startsecs)
2022-11-08 11:16:06,825 INFO exited: fail-slowly (exit status 2; not expected)
2022-11-08 11:16:07,829 INFO spawned: 'fail-slowly' with pid 1116259
2022-11-08 11:16:09,832 INFO success: fail-slowly entered RUNNING state, process has stayed up for > than 2 seconds (startsecs)
2022-11-08 11:16:10,903 INFO exited: fail-slowly (exit status 2; not expected)
2022-11-08 11:16:11,906 INFO spawned: 'fail-slowly' with pid 1116266
2022-11-08 11:16:13,908 INFO success: fail-slowly entered RUNNING state, process has stayed up for > than 2 seconds (startsecs)
2022-11-08 11:16:14,954 INFO exited: fail-slowly (exit status 2; not expected)
2022-11-08 11:16:15,956 INFO spawned: 'fail-slowly' with pid 1116273
2022-11-08 11:16:17,958 INFO success: fail-slowly entered RUNNING state, process has stayed up for > than 2 seconds (startsecs)
2022-11-08 11:16:19,001 INFO exited: fail-slowly (exit status 2; not expected)
2022-11-08 11:16:20,005 INFO spawned: 'fail-slowly' with pid 1116292
2022-11-08 11:16:22,009 INFO success: fail-slowly entered RUNNING state, process has stayed up for > than 2 seconds (startsecs)
2022-11-08 11:16:23,075 INFO exited: fail-slowly (exit status 2; not expected)
2022-11-08 11:16:24,077 INFO spawned: 'fail-slowly' with pid 1116302
2022-11-08 11:16:26,079 INFO success: fail-slowly entered RUNNING state, process has stayed up for > than 2 seconds (startsecs)
2022-11-08 11:16:27,115 INFO exited: fail-slowly (exit status 2; not expected)
2022-11-08 11:16:28,117 INFO spawned: 'fail-slowly' with pid 1116323
2022-11-08 11:16:30,119 INFO success: fail-slowly entered RUNNING state, process has stayed up for > than 2 seconds (startsecs)
2022-11-08 11:16:31,164 INFO exited: fail-slowly (exit status 2; not expected)
2022-11-08 11:16:32,168 INFO spawned: 'fail-slowly' with pid 1116335
2022-11-08 11:16:34,171 INFO success: fail-slowly entered RUNNING state, process has stayed up for > than 2 seconds (startsecs)
2022-11-08 11:16:35,242 INFO exited: fail-slowly (exit status 2; not expected)
2022-11-08 11:16:36,245 INFO spawned: 'fail-slowly' with pid 1116350
2022-11-08 11:16:38,248 INFO success: fail-slowly entered RUNNING state, process has stayed up for > than 2 seconds (startsecs)
2022-11-08 11:16:39,318 INFO exited: fail-slowly (exit status 2; not expected)
2022-11-08 11:16:40,321 INFO spawned: 'fail-slowly' with pid 1116360
2022-11-08 11:16:42,323 INFO success: fail-slowly entered RUNNING state, process has stayed up for > than 2 seconds (startsecs)
2022-11-08 11:16:43,384 INFO exited: fail-slowly (exit status 2; not expected)
2022-11-08 11:16:44,389 INFO spawned: 'fail-slowly' with pid 1116370
2022-11-08 11:16:44,390 WARN received SIGINT indicating exit request
2022-11-08 11:16:44,391 INFO waiting for fail-slowly to die
2022-11-08 11:16:47,394 INFO waiting for fail-slowly to die
2022-11-08 11:16:47,454 INFO stopped: fail-slowly (exit status 2)
2022-11-08 11:21:54,066 CRIT Server 'unix_http_server' running without any HTTP authentication checking
2022-11-08 11:21:54,067 INFO supervisord started with pid 1116966
2022-11-08 11:21:55,069 INFO spawned: 'fail-too-fast' with pid 1116969
2022-11-08 11:21:55,072 INFO spawned: 'fail-slowly' with pid 1116970
2022-11-08 11:21:56,126 INFO exited: fail-too-fast (exit status 2; not expected)
2022-11-08 11:21:57,131 INFO spawned: 'fail-too-fast' with pid 1116973
2022-11-08 11:21:57,131 INFO success: fail-slowly entered RUNNING state, process has stayed up for > than 2 seconds (startsecs)
2022-11-08 11:21:58,130 INFO exited: fail-slowly (exit status 2; not expected)
2022-11-08 11:21:58,196 INFO spawned: 'fail-slowly' with pid 1116976
2022-11-08 11:21:58,205 INFO exited: fail-too-fast (exit status 2; not expected)
2022-11-08 11:22:00,209 INFO spawned: 'fail-too-fast' with pid 1116981
2022-11-08 11:22:00,210 INFO success: fail-slowly entered RUNNING state, process has stayed up for > than 2 seconds (startsecs)
2022-11-08 11:22:01,258 INFO exited: fail-slowly (exit status 2; not expected)
2022-11-08 11:22:01,272 INFO spawned: 'fail-slowly' with pid 1116983
2022-11-08 11:22:01,280 INFO exited: fail-too-fast (exit status 2; not expected)
2022-11-08 11:22:03,283 INFO success: fail-slowly entered RUNNING state, process has stayed up for > than 2 seconds (startsecs)
2022-11-08 11:22:04,287 INFO spawned: 'fail-too-fast' with pid 1116987
2022-11-08 11:22:04,338 INFO exited: fail-slowly (exit status 2; not expected)
2022-11-08 11:22:05,341 INFO spawned: 'fail-slowly' with pid 1116990
2022-11-08 11:22:05,355 INFO exited: fail-too-fast (exit status 2; not expected)
2022-11-08 11:22:06,356 INFO gave up: fail-too-fast entered FATAL state, too many start retries too quickly
2022-11-08 11:22:07,357 INFO success: fail-slowly entered RUNNING state, process has stayed up for > than 2 seconds (startsecs)
2022-11-08 11:22:08,404 INFO exited: fail-slowly (exit status 2; not expected)
2022-11-08 11:22:09,408 INFO spawned: 'fail-slowly' with pid 1117000
2022-11-08 11:22:11,410 INFO success: fail-slowly entered RUNNING state, process has stayed up for > than 2 seconds (startsecs)
2022-11-08 11:22:12,486 INFO exited: fail-slowly (exit status 2; not expected)
2022-11-08 11:22:13,490 INFO spawned: 'fail-slowly' with pid 1117011
2022-11-08 11:22:15,494 INFO success: fail-slowly entered RUNNING state, process has stayed up for > than 2 seconds (startsecs)
2022-11-08 11:22:16,553 INFO exited: fail-slowly (exit status 2; not expected)
2022-11-08 11:22:17,558 INFO spawned: 'fail-slowly' with pid 1117020
2022-11-08 11:22:19,561 INFO success: fail-slowly entered RUNNING state, process has stayed up for > than 2 seconds (startsecs)
2022-11-08 11:22:20,624 INFO exited: fail-slowly (exit status 2; not expected)
2022-11-08 11:22:21,630 INFO spawned: 'fail-slowly' with pid 1117034
2022-11-08 11:22:23,632 INFO success: fail-slowly entered RUNNING state, process has stayed up for > than 2 seconds (startsecs)
2022-11-08 11:22:24,711 INFO exited: fail-slowly (exit status 2; not expected)
2022-11-08 11:22:25,715 INFO spawned: 'fail-slowly' with pid 1117040
2022-11-08 11:22:27,717 INFO success: fail-slowly entered RUNNING state, process has stayed up for > than 2 seconds (startsecs)
2022-11-08 11:22:28,784 INFO exited: fail-slowly (exit status 2; not expected)
2022-11-08 11:22:29,789 INFO spawned: 'fail-slowly' with pid 1117063
2022-11-08 11:22:31,792 INFO success: fail-slowly entered RUNNING state, process has stayed up for > than 2 seconds (startsecs)
2022-11-08 11:22:32,856 INFO exited: fail-slowly (exit status 2; not expected)
2022-11-08 11:22:33,861 INFO spawned: 'fail-slowly' with pid 1117089
2022-11-08 11:22:35,864 INFO success: fail-slowly entered RUNNING state, process has stayed up for > than 2 seconds (startsecs)
2022-11-08 11:22:36,928 INFO exited: fail-slowly (exit status 2; not expected)
2022-11-08 11:22:37,931 INFO spawned: 'fail-slowly' with pid 1117133
2022-11-08 11:22:39,934 INFO success: fail-slowly entered RUNNING state, process has stayed up for > than 2 seconds (startsecs)
2022-11-08 11:22:40,994 INFO exited: fail-slowly (exit status 2; not expected)
2022-11-08 11:22:41,997 INFO spawned: 'fail-slowly' with pid 1117143
2022-11-08 11:22:44,000 INFO success: fail-slowly entered RUNNING state, process has stayed up for > than 2 seconds (startsecs)
2022-11-08 11:22:45,068 INFO exited: fail-slowly (exit status 2; not expected)
2022-11-08 11:22:46,072 INFO spawned: 'fail-slowly' with pid 1117152
2022-11-08 11:22:48,074 INFO success: fail-slowly entered RUNNING state, process has stayed up for > than 2 seconds (startsecs)
2022-11-08 11:22:49,143 INFO exited: fail-slowly (exit status 2; not expected)
2022-11-08 11:22:50,147 INFO spawned: 'fail-slowly' with pid 1117170
2022-11-08 11:22:52,151 INFO success: fail-slowly entered RUNNING state, process has stayed up for > than 2 seconds (startsecs)
2022-11-08 11:22:53,228 INFO exited: fail-slowly (exit status 2; not expected)
2022-11-08 11:22:54,232 INFO spawned: 'fail-slowly' with pid 1117174
2022-11-08 11:22:56,234 INFO success: fail-slowly entered RUNNING state, process has stayed up for > than 2 seconds (startsecs)
2022-11-08 11:22:57,299 INFO exited: fail-slowly (exit status 2; not expected)
2022-11-08 11:22:58,303 INFO spawned: 'fail-slowly' with pid 1117179
2022-11-08 11:23:00,306 INFO success: fail-slowly entered RUNNING state, process has stayed up for > than 2 seconds (startsecs)
2022-11-08 11:23:01,380 INFO exited: fail-slowly (exit status 2; not expected)
2022-11-08 11:23:02,384 INFO spawned: 'fail-slowly' with pid 1117185
2022-11-08 11:23:04,386 INFO success: fail-slowly entered RUNNING state, process has stayed up for > than 2 seconds (startsecs)
2022-11-08 11:23:05,453 INFO exited: fail-slowly (exit status 2; not expected)
2022-11-08 11:23:06,458 INFO spawned: 'fail-slowly' with pid 1117193
2022-11-08 11:23:08,460 INFO success: fail-slowly entered RUNNING state, process has stayed up for > than 2 seconds (startsecs)
2022-11-08 11:23:09,525 INFO exited: fail-slowly (exit status 2; not expected)
2022-11-08 11:23:10,528 INFO spawned: 'fail-slowly' with pid 1117197
2022-11-08 11:23:12,531 INFO success: fail-slowly entered RUNNING state, process has stayed up for > than 2 seconds (startsecs)
2022-11-08 11:23:13,602 INFO exited: fail-slowly (exit status 2; not expected)
2022-11-08 11:23:14,607 INFO spawned: 'fail-slowly' with pid 1117208
2022-11-08 11:23:16,610 INFO success: fail-slowly entered RUNNING state, process has stayed up for > than 2 seconds (startsecs)
2022-11-08 11:23:17,669 INFO exited: fail-slowly (exit status 2; not expected)
2022-11-08 11:23:18,672 INFO spawned: 'fail-slowly' with pid 1117217
2022-11-08 11:23:20,674 INFO success: fail-slowly entered RUNNING state, process has stayed up for > than 2 seconds (startsecs)
2022-11-08 11:23:21,719 INFO exited: fail-slowly (exit status 2; not expected)
2022-11-08 11:23:22,723 INFO spawned: 'fail-slowly' with pid 1117231
2022-11-08 11:23:24,726 INFO success: fail-slowly entered RUNNING state, process has stayed up for > than 2 seconds (startsecs)
2022-11-08 11:23:25,775 INFO exited: fail-slowly (exit status 2; not expected)
2022-11-08 11:23:26,780 INFO spawned: 'fail-slowly' with pid 1117249
2022-11-08 11:23:28,782 INFO success: fail-slowly entered RUNNING state, process has stayed up for > than 2 seconds (startsecs)
2022-11-08 11:23:29,851 INFO exited: fail-slowly (exit status 2; not expected)
2022-11-08 11:23:30,854 INFO spawned: 'fail-slowly' with pid 1117267
2022-11-08 11:23:32,857 INFO success: fail-slowly entered RUNNING state, process has stayed up for > than 2 seconds (startsecs)
2022-11-08 11:23:33,918 INFO exited: fail-slowly (exit status 2; not expected)
2022-11-08 11:23:34,923 INFO spawned: 'fail-slowly' with pid 1117316
2022-11-08 11:23:36,926 INFO success: fail-slowly entered RUNNING state, process has stayed up for > than 2 seconds (startsecs)
2022-11-08 11:23:37,986 INFO exited: fail-slowly (exit status 2; not expected)
2022-11-08 11:23:38,989 INFO spawned: 'fail-slowly' with pid 1117333
2022-11-08 11:23:40,992 INFO success: fail-slowly entered RUNNING state, process has stayed up for > than 2 seconds (startsecs)
2022-11-08 11:23:42,037 INFO exited: fail-slowly (exit status 2; not expected)
2022-11-08 11:23:43,042 INFO spawned: 'fail-slowly' with pid 1117342
2022-11-08 11:23:45,045 INFO success: fail-slowly entered RUNNING state, process has stayed up for > than 2 seconds (startsecs)
2022-11-08 11:23:46,103 INFO exited: fail-slowly (exit status 2; not expected)
2022-11-08 11:23:47,110 INFO spawned: 'fail-slowly' with pid 1117346
2022-11-08 11:23:49,113 INFO success: fail-slowly entered RUNNING state, process has stayed up for > than 2 seconds (startsecs)
2022-11-08 11:23:50,174 INFO exited: fail-slowly (exit status 2; not expected)
2022-11-08 11:23:51,178 INFO spawned: 'fail-slowly' with pid 1117354
2022-11-08 11:23:53,181 INFO success: fail-slowly entered RUNNING state, process has stayed up for > than 2 seconds (startsecs)
2022-11-08 11:23:54,259 INFO exited: fail-slowly (exit status 2; not expected)
2022-11-08 11:23:55,263 INFO spawned: 'fail-slowly' with pid 1117359
2022-11-08 11:23:57,266 INFO success: fail-slowly entered RUNNING state, process has stayed up for > than 2 seconds (startsecs)
2022-11-08 11:23:58,329 INFO exited: fail-slowly (exit status 2; not expected)
2022-11-08 11:23:59,332 INFO spawned: 'fail-slowly' with pid 1117382
2022-11-08 11:24:01,335 INFO success: fail-slowly entered RUNNING state, process has stayed up for > than 2 seconds (startsecs)
2022-11-08 11:24:02,399 INFO exited: fail-slowly (exit status 2; not expected)
2022-11-08 11:24:03,403 INFO spawned: 'fail-slowly' with pid 1117387
2022-11-08 11:24:05,406 INFO success: fail-slowly entered RUNNING state, process has stayed up for > than 2 seconds (startsecs)
2022-11-08 11:24:06,472 INFO exited: fail-slowly (exit status 2; not expected)
2022-11-08 11:24:07,474 INFO spawned: 'fail-slowly' with pid 1117394
2022-11-08 11:24:09,476 INFO success: fail-slowly entered RUNNING state, process has stayed up for > than 2 seconds (startsecs)
2022-11-08 11:24:10,521 INFO exited: fail-slowly (exit status 2; not expected)
2022-11-08 11:24:11,527 INFO spawned: 'fail-slowly' with pid 1117400
2022-11-08 11:24:12,530 WARN received SIGINT indicating exit request
2022-11-08 11:24:12,531 INFO waiting for fail-slowly to die
2022-11-08 11:24:12,533 INFO stopped: fail-slowly (terminated by SIGTERM)
2022-11-08 11:27:36,670 CRIT Server 'unix_http_server' running without any HTTP authentication checking
2022-11-08 11:27:36,670 INFO supervisord started with pid 1117819
2022-11-08 11:27:37,673 INFO spawned: 'fail-too-fast' with pid 1117821
2022-11-08 11:27:37,674 INFO spawned: 'fail-slowly' with pid 1117822
2022-11-08 11:27:38,711 INFO exited: fail-too-fast (exit status 2; not expected)
2022-11-08 11:27:39,714 INFO spawned: 'fail-too-fast' with pid 1117831
2022-11-08 11:27:39,714 INFO success: fail-slowly entered RUNNING state, process has stayed up for > than 2 seconds (startsecs)
2022-11-08 11:27:40,714 INFO exited: fail-slowly (exit status 2; not expected)
2022-11-08 11:27:40,759 INFO spawned: 'fail-slowly' with pid 1117833
2022-11-08 11:27:40,761 INFO exited: fail-too-fast (exit status 2; not expected)
2022-11-08 11:27:42,767 INFO spawned: 'fail-too-fast' with pid 1117840
2022-11-08 11:27:42,768 INFO success: fail-slowly entered RUNNING state, process has stayed up for > than 2 seconds (startsecs)
2022-11-08 11:27:43,809 INFO exited: fail-slowly (exit status 2; not expected)
2022-11-08 11:27:43,816 INFO spawned: 'fail-slowly' with pid 1117842
2022-11-08 11:27:43,817 INFO exited: fail-too-fast (exit status 2; not expected)
2022-11-08 11:27:45,819 INFO success: fail-slowly entered RUNNING state, process has stayed up for > than 2 seconds (startsecs)
2022-11-08 11:27:46,824 INFO spawned: 'fail-too-fast' with pid 1117847
2022-11-08 11:27:46,884 INFO exited: fail-slowly (exit status 2; not expected)
2022-11-08 11:27:47,877 INFO spawned: 'fail-slowly' with pid 1117850
2022-11-08 11:27:47,886 INFO exited: fail-too-fast (exit status 2; not expected)
2022-11-08 11:27:48,887 INFO gave up: fail-too-fast entered FATAL state, too many start retries too quickly
2022-11-08 11:27:49,888 INFO success: fail-slowly entered RUNNING state, process has stayed up for > than 2 seconds (startsecs)
2022-11-08 11:27:50,948 INFO exited: fail-slowly (exit status 2; not expected)
2022-11-08 11:27:51,952 INFO spawned: 'fail-slowly' with pid 1117872
2022-11-08 11:27:53,955 INFO success: fail-slowly entered RUNNING state, process has stayed up for > than 2 seconds (startsecs)
2022-11-08 11:27:55,030 INFO exited: fail-slowly (exit status 2; not expected)
2022-11-08 11:27:56,033 INFO spawned: 'fail-slowly' with pid 1117877
2022-11-08 11:27:58,036 INFO success: fail-slowly entered RUNNING state, process has stayed up for > than 2 seconds (startsecs)
2022-11-08 11:27:59,098 INFO exited: fail-slowly (exit status 2; not expected)
2022-11-08 11:28:00,102 INFO spawned: 'fail-slowly' with pid 1117889
2022-11-08 11:28:02,106 INFO success: fail-slowly entered RUNNING state, process has stayed up for > than 2 seconds (startsecs)
2022-11-08 11:28:03,167 INFO exited: fail-slowly (exit status 2; not expected)
2022-11-08 11:28:04,171 INFO spawned: 'fail-slowly' with pid 1117897
2022-11-08 11:28:06,174 INFO success: fail-slowly entered RUNNING state, process has stayed up for > than 2 seconds (startsecs)
2022-11-08 11:28:07,244 INFO exited: fail-slowly (exit status 2; not expected)
2022-11-08 11:28:08,248 INFO spawned: 'fail-slowly' with pid 1117902
2022-11-08 11:28:10,251 INFO success: fail-slowly entered RUNNING state, process has stayed up for > than 2 seconds (startsecs)
2022-11-08 11:28:11,310 INFO exited: fail-slowly (exit status 2; not expected)
2022-11-08 11:28:12,312 INFO spawned: 'fail-slowly' with pid 1117909
2022-11-08 11:28:14,314 INFO success: fail-slowly entered RUNNING state, process has stayed up for > than 2 seconds (startsecs)
2022-11-08 11:28:15,350 INFO exited: fail-slowly (exit status 2; not expected)
2022-11-08 11:28:16,355 INFO spawned: 'fail-slowly' with pid 1117927
2022-11-08 11:28:18,358 INFO success: fail-slowly entered RUNNING state, process has stayed up for > than 2 seconds (startsecs)
2022-11-08 11:28:19,433 INFO exited: fail-slowly (exit status 2; not expected)
2022-11-08 11:28:20,437 INFO spawned: 'fail-slowly' with pid 1117931
2022-11-08 11:28:22,440 INFO success: fail-slowly entered RUNNING state, process has stayed up for > than 2 seconds (startsecs)
2022-11-08 11:28:23,503 INFO exited: fail-slowly (exit status 2; not expected)
2022-11-08 11:28:24,507 INFO spawned: 'fail-slowly' with pid 1117938
2022-11-08 11:28:26,510 INFO success: fail-slowly entered RUNNING state, process has stayed up for > than 2 seconds (startsecs)
2022-11-08 11:28:27,553 INFO exited: fail-slowly (exit status 2; not expected)
2022-11-08 11:28:28,555 INFO spawned: 'fail-slowly' with pid 1117959
2022-11-08 11:28:30,557 INFO success: fail-slowly entered RUNNING state, process has stayed up for > than 2 seconds (startsecs)
2022-11-08 11:28:31,599 INFO exited: fail-slowly (exit status 2; not expected)
2022-11-08 11:28:32,601 INFO spawned: 'fail-slowly' with pid 1118036
2022-11-08 11:28:34,603 INFO success: fail-slowly entered RUNNING state, process has stayed up for > than 2 seconds (startsecs)
2022-11-08 11:28:35,636 INFO exited: fail-slowly (exit status 2; not expected)
2022-11-08 11:28:36,641 INFO spawned: 'fail-slowly' with pid 1118071
2022-11-08 11:28:38,644 INFO success: fail-slowly entered RUNNING state, process has stayed up for > than 2 seconds (startsecs)
2022-11-08 11:28:39,712 INFO exited: fail-slowly (exit status 2; not expected)
2022-11-08 11:28:40,715 INFO spawned: 'fail-slowly' with pid 1118111
2022-11-08 11:28:42,718 INFO success: fail-slowly entered RUNNING state, process has stayed up for > than 2 seconds (startsecs)
2022-11-08 11:28:43,782 INFO exited: fail-slowly (exit status 2; not expected)
2022-11-08 11:28:44,787 INFO spawned: 'fail-slowly' with pid 1118128
2022-11-08 11:28:46,789 INFO success: fail-slowly entered RUNNING state, process has stayed up for > than 2 seconds (startsecs)
2022-11-08 11:28:47,865 INFO exited: fail-slowly (exit status 2; not expected)
2022-11-08 11:28:48,872 INFO spawned: 'fail-slowly' with pid 1118165
2022-11-08 11:28:50,875 INFO success: fail-slowly entered RUNNING state, process has stayed up for > than 2 seconds (startsecs)
2022-11-08 11:28:51,949 INFO exited: fail-slowly (exit status 2; not expected)
2022-11-08 11:28:52,954 INFO spawned: 'fail-slowly' with pid 1118169
2022-11-08 11:28:54,958 INFO success: fail-slowly entered RUNNING state, process has stayed up for > than 2 seconds (startsecs)
2022-11-08 11:28:56,030 INFO exited: fail-slowly (exit status 2; not expected)
2022-11-08 11:28:57,033 INFO spawned: 'fail-slowly' with pid 1118174
2022-11-08 11:28:59,036 INFO success: fail-slowly entered RUNNING state, process has stayed up for > than 2 seconds (startsecs)
2022-11-08 11:29:00,104 INFO exited: fail-slowly (exit status 2; not expected)
2022-11-08 11:29:01,108 INFO spawned: 'fail-slowly' with pid 1118180
2022-11-08 11:29:03,110 INFO success: fail-slowly entered RUNNING state, process has stayed up for > than 2 seconds (startsecs)
2022-11-08 11:29:04,174 INFO exited: fail-slowly (exit status 2; not expected)
2022-11-08 11:29:05,179 INFO spawned: 'fail-slowly' with pid 1118198
2022-11-08 11:29:07,183 INFO success: fail-slowly entered RUNNING state, process has stayed up for > than 2 seconds (startsecs)
2022-11-08 11:29:08,256 INFO exited: fail-slowly (exit status 2; not expected)
2022-11-08 11:29:09,259 INFO spawned: 'fail-slowly' with pid 1118203
2022-11-08 11:29:11,261 INFO success: fail-slowly entered RUNNING state, process has stayed up for > than 2 seconds (startsecs)
2022-11-08 11:29:12,325 INFO exited: fail-slowly (exit status 2; not expected)
2022-11-08 11:29:13,328 INFO spawned: 'fail-slowly' with pid 1118210
2022-11-08 11:29:15,331 INFO success: fail-slowly entered RUNNING state, process has stayed up for > than 2 seconds (startsecs)
2022-11-08 11:29:16,377 INFO exited: fail-slowly (exit status 2; not expected)
2022-11-08 11:29:17,381 INFO spawned: 'fail-slowly' with pid 1118226
2022-11-08 11:29:19,384 INFO success: fail-slowly entered RUNNING state, process has stayed up for > than 2 seconds (startsecs)
2022-11-08 11:29:20,444 INFO exited: fail-slowly (exit status 2; not expected)
2022-11-08 11:29:21,448 INFO spawned: 'fail-slowly' with pid 1118238
2022-11-08 11:29:23,451 INFO success: fail-slowly entered RUNNING state, process has stayed up for > than 2 seconds (startsecs)
2022-11-08 11:29:24,519 INFO exited: fail-slowly (exit status 2; not expected)
2022-11-08 11:29:25,524 INFO spawned: 'fail-slowly' with pid 1118287
2022-11-08 11:29:27,527 INFO success: fail-slowly entered RUNNING state, process has stayed up for > than 2 seconds (startsecs)
2022-11-08 11:29:28,574 INFO exited: fail-slowly (exit status 2; not expected)
2022-11-08 11:29:29,579 INFO spawned: 'fail-slowly' with pid 1118306
2022-11-08 11:29:31,582 INFO success: fail-slowly entered RUNNING state, process has stayed up for > than 2 seconds (startsecs)
2022-11-08 11:29:32,648 INFO exited: fail-slowly (exit status 2; not expected)
2022-11-08 11:29:33,651 INFO spawned: 'fail-slowly' with pid 1118329
2022-11-08 11:29:35,654 INFO success: fail-slowly entered RUNNING state, process has stayed up for > than 2 seconds (startsecs)
2022-11-08 11:29:36,726 INFO exited: fail-slowly (exit status 2; not expected)
2022-11-08 11:29:37,729 INFO spawned: 'fail-slowly' with pid 1118342
2022-11-08 11:29:39,732 INFO success: fail-slowly entered RUNNING state, process has stayed up for > than 2 seconds (startsecs)
2022-11-08 11:29:40,798 INFO exited: fail-slowly (exit status 2; not expected)
2022-11-08 11:29:41,801 INFO spawned: 'fail-slowly' with pid 1118355
2022-11-08 11:29:43,804 INFO success: fail-slowly entered RUNNING state, process has stayed up for > than 2 seconds (startsecs)
2022-11-08 11:29:44,872 INFO exited: fail-slowly (exit status 2; not expected)
2022-11-08 11:29:45,876 INFO spawned: 'fail-slowly' with pid 1118361
2022-11-08 11:29:47,878 INFO success: fail-slowly entered RUNNING state, process has stayed up for > than 2 seconds (startsecs)
2022-11-08 11:29:48,938 INFO exited: fail-slowly (exit status 2; not expected)
2022-11-08 11:29:49,942 INFO spawned: 'fail-slowly' with pid 1118365
2022-11-08 11:29:51,945 INFO success: fail-slowly entered RUNNING state, process has stayed up for > than 2 seconds (startsecs)
2022-11-08 11:29:53,006 INFO exited: fail-slowly (exit status 2; not expected)
2022-11-08 11:29:54,011 INFO spawned: 'fail-slowly' with pid 1118371
2022-11-08 11:29:56,013 INFO success: fail-slowly entered RUNNING state, process has stayed up for > than 2 seconds (startsecs)
2022-11-08 11:29:57,080 INFO exited: fail-slowly (exit status 2; not expected)
2022-11-08 11:29:58,085 INFO spawned: 'fail-slowly' with pid 1118376
2022-11-08 11:30:00,087 INFO success: fail-slowly entered RUNNING state, process has stayed up for > than 2 seconds (startsecs)
2022-11-08 11:30:01,155 INFO exited: fail-slowly (exit status 2; not expected)
2022-11-08 11:30:02,161 INFO spawned: 'fail-slowly' with pid 1118385
2022-11-08 11:30:04,164 INFO success: fail-slowly entered RUNNING state, process has stayed up for > than 2 seconds (startsecs)
2022-11-08 11:30:05,227 INFO exited: fail-slowly (exit status 2; not expected)
2022-11-08 11:30:06,230 INFO spawned: 'fail-slowly' with pid 1118391
2022-11-08 11:30:08,233 INFO success: fail-slowly entered RUNNING state, process has stayed up for > than 2 seconds (startsecs)
2022-11-08 11:30:09,297 INFO exited: fail-slowly (exit status 2; not expected)
2022-11-08 11:30:10,302 INFO spawned: 'fail-slowly' with pid 1118395
2022-11-08 11:30:12,305 INFO success: fail-slowly entered RUNNING state, process has stayed up for > than 2 seconds (startsecs)
2022-11-08 11:30:13,381 INFO exited: fail-slowly (exit status 2; not expected)
2022-11-08 11:30:14,386 INFO spawned: 'fail-slowly' with pid 1118401
2022-11-08 11:30:16,389 INFO success: fail-slowly entered RUNNING state, process has stayed up for > than 2 seconds (startsecs)
2022-11-08 11:30:17,463 INFO exited: fail-slowly (exit status 2; not expected)
2022-11-08 11:30:18,467 INFO spawned: 'fail-slowly' with pid 1118407
2022-11-08 11:30:20,469 INFO success: fail-slowly entered RUNNING state, process has stayed up for > than 2 seconds (startsecs)
2022-11-08 11:30:21,527 INFO exited: fail-slowly (exit status 2; not expected)
2022-11-08 11:30:22,529 INFO spawned: 'fail-slowly' with pid 1118414
2022-11-08 11:30:24,531 INFO success: fail-slowly entered RUNNING state, process has stayed up for > than 2 seconds (startsecs)
2022-11-08 11:30:25,580 INFO exited: fail-slowly (exit status 2; not expected)
2022-11-08 11:30:26,583 INFO spawned: 'fail-slowly' with pid 1118424
2022-11-08 11:30:28,585 INFO success: fail-slowly entered RUNNING state, process has stayed up for > than 2 seconds (startsecs)
2022-11-08 11:30:29,628 INFO exited: fail-slowly (exit status 2; not expected)
2022-11-08 11:30:30,631 INFO spawned: 'fail-slowly' with pid 1118447
2022-11-08 11:30:32,634 INFO success: fail-slowly entered RUNNING state, process has stayed up for > than 2 seconds (startsecs)
2022-11-08 11:30:33,702 INFO exited: fail-slowly (exit status 2; not expected)
2022-11-08 11:30:34,704 INFO spawned: 'fail-slowly' with pid 1118464
2022-11-08 11:30:36,707 INFO success: fail-slowly entered RUNNING state, process has stayed up for > than 2 seconds (startsecs)
2022-11-08 11:30:37,758 INFO exited: fail-slowly (exit status 2; not expected)
2022-11-08 11:30:38,762 INFO spawned: 'fail-slowly' with pid 1118479
2022-11-08 11:30:40,765 INFO success: fail-slowly entered RUNNING state, process has stayed up for > than 2 seconds (startsecs)
2022-11-08 11:30:41,831 INFO exited: fail-slowly (exit status 2; not expected)
2022-11-08 11:30:42,833 INFO spawned: 'fail-slowly' with pid 1118489
2022-11-08 11:30:44,835 INFO success: fail-slowly entered RUNNING state, process has stayed up for > than 2 seconds (startsecs)
2022-11-08 11:30:45,889 INFO exited: fail-slowly (exit status 2; not expected)
2022-11-08 11:30:46,892 INFO spawned: 'fail-slowly' with pid 1118498
2022-11-08 11:30:48,894 INFO success: fail-slowly entered RUNNING state, process has stayed up for > than 2 seconds (startsecs)
2022-11-08 11:30:49,949 INFO exited: fail-slowly (exit status 2; not expected)
2022-11-08 11:30:50,953 INFO spawned: 'fail-slowly' with pid 1118505
2022-11-08 11:30:51,956 WARN received SIGINT indicating exit request
2022-11-08 11:30:51,957 INFO waiting for fail-slowly to die
2022-11-08 11:30:51,958 INFO stopped: fail-slowly (terminated by SIGTERM)
2022-11-08 11:30:53,740 INFO supervisord started with pid 1118525
2022-11-08 11:30:54,742 INFO spawned: 'fail-too-fast' with pid 1118527
2022-11-08 11:30:54,744 INFO spawned: 'fail-slowly' with pid 1118528
2022-11-08 11:30:55,785 INFO exited: fail-too-fast (exit status 2; not expected)
2022-11-08 11:30:56,788 INFO spawned: 'fail-too-fast' with pid 1118532
2022-11-08 11:30:56,789 INFO success: fail-slowly entered RUNNING state, process has stayed up for > than 2 seconds (startsecs)
2022-11-08 11:30:57,790 INFO exited: fail-slowly (exit status 2; not expected)
2022-11-08 11:30:57,850 INFO spawned: 'fail-slowly' with pid 1118535
2022-11-08 11:30:57,852 INFO exited: fail-too-fast (exit status 2; not expected)
2022-11-08 11:30:59,858 INFO spawned: 'fail-too-fast' with pid 1118541
2022-11-08 11:30:59,859 INFO success: fail-slowly entered RUNNING state, process has stayed up for > than 2 seconds (startsecs)
2022-11-08 11:31:00,910 INFO exited: fail-slowly (exit status 2; not expected)
2022-11-08 11:31:00,920 INFO spawned: 'fail-slowly' with pid 1118544
2022-11-08 11:31:00,923 INFO exited: fail-too-fast (exit status 2; not expected)
2022-11-08 11:31:02,925 INFO success: fail-slowly entered RUNNING state, process has stayed up for > than 2 seconds (startsecs)
2022-11-08 11:31:03,928 INFO spawned: 'fail-too-fast' with pid 1118548
2022-11-08 11:31:03,965 INFO exited: fail-slowly (exit status 2; not expected)
2022-11-08 11:31:04,970 INFO spawned: 'fail-slowly' with pid 1118555
2022-11-08 11:31:04,999 INFO exited: fail-too-fast (exit status 2; not expected)
2022-11-08 11:31:06,000 INFO gave up: fail-too-fast entered FATAL state, too many start retries too quickly
2022-11-08 11:31:07,001 INFO success: fail-slowly entered RUNNING state, process has stayed up for > than 2 seconds (startsecs)
2022-11-08 11:31:08,043 INFO exited: fail-slowly (exit status 2; not expected)
2022-11-08 11:31:09,046 INFO spawned: 'fail-slowly' with pid 1118569
2022-11-08 11:31:11,048 INFO success: fail-slowly entered RUNNING state, process has stayed up for > than 2 seconds (startsecs)
2022-11-08 11:31:12,108 INFO exited: fail-slowly (exit status 2; not expected)
2022-11-08 11:31:13,111 INFO spawned: 'fail-slowly' with pid 1118575
2022-11-08 11:31:15,113 INFO success: fail-slowly entered RUNNING state, process has stayed up for > than 2 seconds (startsecs)
2022-11-08 11:31:16,157 INFO exited: fail-slowly (exit status 2; not expected)
2022-11-08 11:31:17,163 INFO spawned: 'fail-slowly' with pid 1118581
2022-11-08 11:31:19,167 INFO success: fail-slowly entered RUNNING state, process has stayed up for > than 2 seconds (startsecs)
2022-11-08 11:31:20,223 INFO exited: fail-slowly (exit status 2; not expected)
2022-11-08 11:31:21,225 INFO spawned: 'fail-slowly' with pid 1118592
2022-11-08 11:31:23,227 INFO success: fail-slowly entered RUNNING state, process has stayed up for > than 2 seconds (startsecs)
2022-11-08 11:31:24,264 INFO exited: fail-slowly (exit status 2; not expected)
2022-11-08 11:31:25,270 INFO spawned: 'fail-slowly' with pid 1118618
2022-11-08 11:31:27,273 INFO success: fail-slowly entered RUNNING state, process has stayed up for > than 2 seconds (startsecs)
2022-11-08 11:31:28,347 INFO exited: fail-slowly (exit status 2; not expected)
2022-11-08 11:31:29,351 INFO spawned: 'fail-slowly' with pid 1118635
2022-11-08 11:31:31,353 INFO success: fail-slowly entered RUNNING state, process has stayed up for > than 2 seconds (startsecs)
2022-11-08 11:31:32,423 INFO exited: fail-slowly (exit status 2; not expected)
2022-11-08 11:31:33,425 INFO spawned: 'fail-slowly' with pid 1118654
2022-11-08 11:31:35,427 INFO success: fail-slowly entered RUNNING state, process has stayed up for > than 2 seconds (startsecs)
2022-11-08 11:31:36,470 INFO exited: fail-slowly (exit status 2; not expected)
2022-11-08 11:31:37,473 INFO spawned: 'fail-slowly' with pid 1118690
2022-11-08 11:31:39,475 INFO success: fail-slowly entered RUNNING state, process has stayed up for > than 2 seconds (startsecs)
2022-11-08 11:31:40,540 INFO exited: fail-slowly (exit status 2; not expected)
2022-11-08 11:31:41,543 INFO spawned: 'fail-slowly' with pid 1118709
2022-11-08 11:31:43,546 INFO success: fail-slowly entered RUNNING state, process has stayed up for > than 2 seconds (startsecs)
2022-11-08 11:31:44,600 INFO exited: fail-slowly (exit status 2; not expected)
2022-11-08 11:31:45,603 INFO spawned: 'fail-slowly' with pid 1118713
2022-11-08 11:31:47,606 INFO success: fail-slowly entered RUNNING state, process has stayed up for > than 2 seconds (startsecs)
2022-11-08 11:31:48,660 INFO exited: fail-slowly (exit status 2; not expected)
2022-11-08 11:31:49,664 INFO spawned: 'fail-slowly' with pid 1118717
2022-11-08 11:31:51,667 INFO success: fail-slowly entered RUNNING state, process has stayed up for > than 2 seconds (startsecs)
2022-11-08 11:31:52,736 INFO exited: fail-slowly (exit status 2; not expected)
2022-11-08 11:31:53,740 INFO spawned: 'fail-slowly' with pid 1118724
2022-11-08 11:31:55,743 INFO success: fail-slowly entered RUNNING state, process has stayed up for > than 2 seconds (startsecs)
2022-11-08 11:31:56,810 INFO exited: fail-slowly (exit status 2; not expected)
2022-11-08 11:31:57,812 INFO spawned: 'fail-slowly' with pid 1118729
2022-11-08 11:31:59,814 INFO success: fail-slowly entered RUNNING state, process has stayed up for > than 2 seconds (startsecs)
2022-11-08 11:31:59,814 WARN received SIGINT indicating exit request
2022-11-08 11:31:59,814 INFO waiting for fail-slowly to die
2022-11-08 11:31:59,815 INFO stopped: fail-slowly (terminated by SIGTERM)
2022-11-08 11:32:45,029 CRIT Server 'unix_http_server' running without any HTTP authentication checking
2022-11-08 11:32:45,029 INFO supervisord started with pid 1118816
2022-11-08 11:32:46,032 INFO spawned: 'fail-too-fast' with pid 1118818
2022-11-08 11:32:46,035 INFO spawned: 'fail-slowly' with pid 1118819
2022-11-08 11:32:47,089 INFO exited: fail-too-fast (exit status 2; not expected)
2022-11-08 11:32:48,093 INFO spawned: 'fail-too-fast' with pid 1118823
2022-11-08 11:32:48,094 INFO success: fail-slowly entered RUNNING state, process has stayed up for > than 2 seconds (startsecs)
2022-11-08 11:32:49,091 INFO exited: fail-slowly (exit status 2; not expected)
2022-11-08 11:32:49,148 INFO spawned: 'fail-slowly' with pid 1118826
2022-11-08 11:32:49,156 INFO exited: fail-too-fast (exit status 2; not expected)
2022-11-08 11:32:51,161 INFO spawned: 'fail-too-fast' with pid 1118833
2022-11-08 11:32:51,162 INFO success: fail-slowly entered RUNNING state, process has stayed up for > than 2 seconds (startsecs)
2022-11-08 11:32:52,216 INFO exited: fail-slowly (exit status 2; not expected)
2022-11-08 11:32:52,227 INFO spawned: 'fail-slowly' with pid 1118864
2022-11-08 11:32:52,230 INFO exited: fail-too-fast (exit status 2; not expected)
2022-11-08 11:32:54,232 INFO success: fail-slowly entered RUNNING state, process has stayed up for > than 2 seconds (startsecs)
2022-11-08 11:32:55,237 INFO spawned: 'fail-too-fast' with pid 1118876
2022-11-08 11:32:55,281 INFO exited: fail-slowly (exit status 2; not expected)
2022-11-08 11:32:56,284 INFO spawned: 'fail-slowly' with pid 1118880
2022-11-08 11:32:56,293 INFO exited: fail-too-fast (exit status 2; not expected)
2022-11-08 11:32:57,295 INFO gave up: fail-too-fast entered FATAL state, too many start retries too quickly
2022-11-08 11:32:58,296 INFO success: fail-slowly entered RUNNING state, process has stayed up for > than 2 seconds (startsecs)
2022-11-08 11:32:59,352 INFO exited: fail-slowly (exit status 2; not expected)
2022-11-08 11:33:00,355 INFO spawned: 'fail-slowly' with pid 1118894
2022-11-08 11:33:02,463 INFO success: fail-slowly entered RUNNING state, process has stayed up for > than 2 seconds (startsecs)
2022-11-08 11:33:03,424 INFO exited: fail-slowly (exit status 2; not expected)
2022-11-08 11:33:04,428 INFO spawned: 'fail-slowly' with pid 1118910
2022-11-08 11:33:06,431 INFO success: fail-slowly entered RUNNING state, process has stayed up for > than 2 seconds (startsecs)
2022-11-08 11:33:07,499 INFO exited: fail-slowly (exit status 2; not expected)
2022-11-08 11:33:08,504 INFO spawned: 'fail-slowly' with pid 1118914
2022-11-08 11:33:10,507 INFO success: fail-slowly entered RUNNING state, process has stayed up for > than 2 seconds (startsecs)
2022-11-08 11:33:11,578 INFO exited: fail-slowly (exit status 2; not expected)
2022-11-08 11:33:12,582 INFO spawned: 'fail-slowly' with pid 1118918
2022-11-08 11:33:14,585 INFO success: fail-slowly entered RUNNING state, process has stayed up for > than 2 seconds (startsecs)
2022-11-08 11:33:15,626 INFO exited: fail-slowly (exit status 2; not expected)
2022-11-08 11:33:16,629 INFO spawned: 'fail-slowly' with pid 1118924
2022-11-08 11:33:18,632 INFO success: fail-slowly entered RUNNING state, process has stayed up for > than 2 seconds (startsecs)
2022-11-08 11:33:19,701 INFO exited: fail-slowly (exit status 2; not expected)
2022-11-08 11:33:20,707 INFO spawned: 'fail-slowly' with pid 1118932
2022-11-08 11:33:22,709 INFO success: fail-slowly entered RUNNING state, process has stayed up for > than 2 seconds (startsecs)
2022-11-08 11:33:23,759 INFO exited: fail-slowly (exit status 2; not expected)
2022-11-08 11:33:24,763 INFO spawned: 'fail-slowly' with pid 1118940
2022-11-08 11:33:26,766 INFO success: fail-slowly entered RUNNING state, process has stayed up for > than 2 seconds (startsecs)
2022-11-08 11:33:27,831 INFO exited: fail-slowly (exit status 2; not expected)
2022-11-08 11:33:28,838 INFO spawned: 'fail-slowly' with pid 1118962
2022-11-08 11:33:28,839 WARN received SIGINT indicating exit request
2022-11-08 11:33:28,839 INFO waiting for fail-slowly to die
2022-11-08 11:33:31,842 INFO waiting for fail-slowly to die
2022-11-08 11:33:31,909 INFO stopped: fail-slowly (exit status 2)
2022-11-08 11:33:45,314 INFO RPC interface 'supervisor' initialized
2022-11-08 11:33:45,314 CRIT Server 'unix_http_server' running without any HTTP authentication checking
2022-11-08 11:33:45,314 INFO supervisord started with pid 1119056
2022-11-08 11:33:46,317 INFO spawned: 'fail-too-fast' with pid 1119058
2022-11-08 11:33:46,321 INFO spawned: 'fail-slowly' with pid 1119059
2022-11-08 11:33:47,385 INFO exited: fail-too-fast (exit status 2; not expected)
2022-11-08 11:33:48,388 INFO spawned: 'fail-too-fast' with pid 1119063
2022-11-08 11:33:48,389 INFO success: fail-slowly entered RUNNING state, process has stayed up for > than 2 seconds (startsecs)
2022-11-08 11:33:49,391 INFO exited: fail-slowly (exit status 2; not expected)
2022-11-08 11:33:49,450 INFO spawned: 'fail-slowly' with pid 1119067
2022-11-08 11:33:49,453 INFO exited: fail-too-fast (exit status 2; not expected)
2022-11-08 11:33:51,459 INFO spawned: 'fail-too-fast' with pid 1119069
2022-11-08 11:33:51,460 INFO success: fail-slowly entered RUNNING state, process has stayed up for > than 2 seconds (startsecs)
2022-11-08 11:33:52,505 INFO exited: fail-slowly (exit status 2; not expected)
2022-11-08 11:33:52,527 INFO spawned: 'fail-slowly' with pid 1119074
2022-11-08 11:33:52,536 INFO exited: fail-too-fast (exit status 2; not expected)
2022-11-08 11:33:54,539 INFO success: fail-slowly entered RUNNING state, process has stayed up for > than 2 seconds (startsecs)
2022-11-08 11:33:55,543 INFO spawned: 'fail-too-fast' with pid 1119081
2022-11-08 11:33:55,587 INFO exited: fail-slowly (exit status 2; not expected)
2022-11-08 11:33:56,591 INFO spawned: 'fail-slowly' with pid 1119084
2022-11-08 11:33:56,607 INFO exited: fail-too-fast (exit status 2; not expected)
2022-11-08 11:33:57,609 INFO gave up: fail-too-fast entered FATAL state, too many start retries too quickly
2022-11-08 11:33:58,610 INFO success: fail-slowly entered RUNNING state, process has stayed up for > than 2 seconds (startsecs)
2022-11-08 11:33:59,659 INFO exited: fail-slowly (exit status 2; not expected)
2022-11-08 11:34:00,661 INFO spawned: 'fail-slowly' with pid 1119091
2022-11-08 11:34:03,480 INFO success: fail-slowly entered RUNNING state, process has stayed up for > than 2 seconds (startsecs)
2022-11-08 11:34:03,704 INFO exited: fail-slowly (exit status 2; not expected)
2022-11-08 11:34:04,708 INFO spawned: 'fail-slowly' with pid 1119116
2022-11-08 11:34:06,710 INFO success: fail-slowly entered RUNNING state, process has stayed up for > than 2 seconds (startsecs)
2022-11-08 11:34:07,775 INFO exited: fail-slowly (exit status 2; not expected)
2022-11-08 11:34:08,777 INFO spawned: 'fail-slowly' with pid 1119120
2022-11-08 11:34:09,778 WARN received SIGINT indicating exit request
2022-11-08 11:34:09,779 INFO waiting for fail-slowly to die
2022-11-08 11:34:09,780 INFO stopped: fail-slowly (terminated by SIGTERM)
2022-11-08 11:34:11,336 INFO RPC interface 'supervisor' initialized
2022-11-08 11:34:11,336 CRIT Server 'unix_http_server' running without any HTTP authentication checking
2022-11-08 11:34:11,337 INFO supervisord started with pid 1119136
2022-11-08 11:34:12,338 INFO spawned: 'fail-too-fast' with pid 1119138
2022-11-08 11:34:12,341 INFO spawned: 'fail-slowly' with pid 1119139
2022-11-08 11:34:13,390 INFO exited: fail-too-fast (exit status 2; not expected)
2022-11-08 11:34:14,828 INFO spawned: 'fail-too-fast' with pid 1119154
2022-11-08 11:34:14,828 INFO success: fail-slowly entered RUNNING state, process has stayed up for > than 2 seconds (startsecs)
2022-11-08 11:34:15,388 INFO exited: fail-slowly (exit status 2; not expected)
2022-11-08 11:34:15,542 INFO spawned: 'fail-slowly' with pid 1119162
2022-11-08 11:34:15,883 INFO exited: fail-too-fast (exit status 2; not expected)
2022-11-08 11:34:17,971 INFO spawned: 'fail-too-fast' with pid 1119191
2022-11-08 11:34:17,972 INFO success: fail-slowly entered RUNNING state, process has stayed up for > than 2 seconds (startsecs)
2022-11-08 11:34:18,581 INFO exited: fail-slowly (exit status 2; not expected)
2022-11-08 11:34:19,026 INFO spawned: 'fail-slowly' with pid 1119199
2022-11-08 11:34:19,029 INFO exited: fail-too-fast (exit status 2; not expected)
2022-11-08 11:34:21,816 INFO success: fail-slowly entered RUNNING state, process has stayed up for > than 2 seconds (startsecs)
2022-11-08 11:34:22,066 INFO spawned: 'fail-too-fast' with pid 1119226
2022-11-08 11:34:22,068 INFO exited: fail-slowly (exit status 2; not expected)
2022-11-08 11:34:22,100 INFO spawned: 'fail-slowly' with pid 1119228
2022-11-08 11:34:23,105 INFO exited: fail-too-fast (exit status 2; not expected)
2022-11-08 11:34:23,466 INFO gave up: fail-too-fast entered FATAL state, too many start retries too quickly
2022-11-08 11:34:24,470 INFO success: fail-slowly entered RUNNING state, process has stayed up for > than 2 seconds (startsecs)
2022-11-08 11:34:25,144 INFO exited: fail-slowly (exit status 2; not expected)
2022-11-08 11:34:26,146 INFO spawned: 'fail-slowly' with pid 1119275
2022-11-08 11:34:28,563 INFO success: fail-slowly entered RUNNING state, process has stayed up for > than 2 seconds (startsecs)
2022-11-08 11:34:29,178 INFO exited: fail-slowly (exit status 2; not expected)
2022-11-08 11:34:30,181 INFO spawned: 'fail-slowly' with pid 1119342
2022-11-08 11:34:32,672 INFO success: fail-slowly entered RUNNING state, process has stayed up for > than 2 seconds (startsecs)
2022-11-08 11:34:33,254 INFO exited: fail-slowly (exit status 2; not expected)
2022-11-08 11:34:34,257 INFO spawned: 'fail-slowly' with pid 1119367
2022-11-08 11:34:36,259 INFO success: fail-slowly entered RUNNING state, process has stayed up for > than 2 seconds (startsecs)
2022-11-08 11:34:37,305 INFO exited: fail-slowly (exit status 2; not expected)
2022-11-08 11:34:38,309 INFO spawned: 'fail-slowly' with pid 1119388
2022-11-08 11:34:38,309 WARN received SIGINT indicating exit request
2022-11-08 11:34:38,309 INFO waiting for fail-slowly to die
2022-11-08 11:34:41,312 INFO waiting for fail-slowly to die
2022-11-08 11:34:41,366 INFO stopped: fail-slowly (exit status 2)
